CRITICAL - 2022-04-12 23:20:03 --> Undefined index: exp_in
#0 C:\laragon\www\cv-ex\app\Views\home.php(11): CodeIgniter\Debug\Exceptions->errorHandler(8, 'Undefined index...', 'C:\\laragon\\www\\...', 11, Array)
#1 C:\laragon\www\cv-ex\system\View\View.php(210): include('C:\\laragon\\www\\...')
#2 C:\laragon\www\cv-ex\system\View\View.php(213): CodeIgniter\View\View->CodeIgniter\View\{closure}()
#3 C:\laragon\www\cv-ex\system\Common.php(1089): CodeIgniter\View\View->render('home', Array, true)
#4 C:\laragon\www\cv-ex\app\Controllers\Home.php(18): view('home', Array)
#5 C:\laragon\www\cv-ex\system\CodeIgniter.php(832): App\Controllers\Home->index()
#6 C:\laragon\www\cv-ex\system\CodeIgniter.php(419): CodeIgniter\CodeIgniter->runController(Object(App\Controllers\Home))
#7 C:\laragon\www\cv-ex\system\CodeIgniter.php(326): CodeIgniter\CodeIgniter->handleRequest(NULL, Object(Config\Cache), false)
#8 C:\laragon\www\cv-ex\public\index.php(37): CodeIgniter\CodeIgniter->run()
#9 C:\laragon\www\cv-ex\system\Commands\Server\rewrite.php(43): require_once('C:\\laragon\\www\\...')
#10 {main}
CRITICAL - 2022-04-12 23:20:53 --> Undefined index: exp_in
#0 C:\laragon\www\cv-ex\app\Views\home.php(11): CodeIgniter\Debug\Exceptions->errorHandler(8, 'Undefined index...', 'C:\\laragon\\www\\...', 11, Array)
#1 C:\laragon\www\cv-ex\system\View\View.php(210): include('C:\\laragon\\www\\...')
#2 C:\laragon\www\cv-ex\system\View\View.php(213): CodeIgniter\View\View->CodeIgniter\View\{closure}()
#3 C:\laragon\www\cv-ex\system\Common.php(1089): CodeIgniter\View\View->render('home', Array, true)
#4 C:\laragon\www\cv-ex\app\Controllers\Home.php(18): view('home', Array)
#5 C:\laragon\www\cv-ex\system\CodeIgniter.php(832): App\Controllers\Home->index()
#6 C:\laragon\www\cv-ex\system\CodeIgniter.php(419): CodeIgniter\CodeIgniter->runController(Object(App\Controllers\Home))
#7 C:\laragon\www\cv-ex\system\CodeIgniter.php(326): CodeIgniter\CodeIgniter->handleRequest(NULL, Object(Config\Cache), false)
#8 C:\laragon\www\cv-ex\public\index.php(37): CodeIgniter\CodeIgniter->run()
#9 C:\laragon\www\cv-ex\system\Commands\Server\rewrite.php(43): require_once('C:\\laragon\\www\\...')
#10 {main}
CRITICAL - 2022-04-12 23:46:39 --> Undefined variable: row
#0 C:\laragon\www\cv-ex\app\Views\home.php(9): CodeIgniter\Debug\Exceptions->errorHandler(8, 'Undefined varia...', 'C:\\laragon\\www\\...', 9, Array)
#1 C:\laragon\www\cv-ex\system\View\View.php(210): include('C:\\laragon\\www\\...')
#2 C:\laragon\www\cv-ex\system\View\View.php(213): CodeIgniter\View\View->CodeIgniter\View\{closure}()
#3 C:\laragon\www\cv-ex\system\Common.php(1089): CodeIgniter\View\View->render('home', Array, true)
#4 C:\laragon\www\cv-ex\app\Controllers\Home.php(18): view('home', Array)
#5 C:\laragon\www\cv-ex\system\CodeIgniter.php(832): App\Controllers\Home->index()
#6 C:\laragon\www\cv-ex\system\CodeIgniter.php(419): CodeIgniter\CodeIgniter->runController(Object(App\Controllers\Home))
#7 C:\laragon\www\cv-ex\system\CodeIgniter.php(326): CodeIgniter\CodeIgniter->handleRequest(NULL, Object(Config\Cache), false)
#8 C:\laragon\www\cv-ex\public\index.php(37): CodeIgniter\CodeIgniter->run()
#9 C:\laragon\www\cv-ex\system\Commands\Server\rewrite.php(43): require_once('C:\\laragon\\www\\...')
#10 {main}
CRITICAL - 2022-04-12 23:52:50 --> syntax error, unexpected end of file
#0 C:\laragon\www\cv-ex\system\View\View.php(213): CodeIgniter\View\View->CodeIgniter\View\{closure}()
#1 C:\laragon\www\cv-ex\system\Common.php(1089): CodeIgniter\View\View->render('home', Array, true)
#2 C:\laragon\www\cv-ex\app\Controllers\Home.php(18): view('home', Array)
#3 C:\laragon\www\cv-ex\system\CodeIgniter.php(832): App\Controllers\Home->index()
#4 C:\laragon\www\cv-ex\system\CodeIgniter.php(419): CodeIgniter\CodeIgniter->runController(Object(App\Controllers\Home))
#5 C:\laragon\www\cv-ex\system\CodeIgniter.php(326): CodeIgniter\CodeIgniter->handleRequest(NULL, Object(Config\Cache), false)
#6 C:\laragon\www\cv-ex\public\index.php(37): CodeIgniter\CodeIgniter->run()
#7 C:\laragon\www\cv-ex\system\Commands\Server\rewrite.php(43): require_once('C:\\laragon\\www\\...')
#8 {main}
